<?xml version="1.0" encoding="UTF-8"?>
<!-- Generated by org.testng.reporters.JUnitReportReporter -->
<testsuite hostname="LAPTOP-TAJ90AO2" failures="0" tests="1" name="cia2.Q2" time="54.669" errors="0" timestamp="2023-04-24T13:35:22 IST" skipped="0">
  <testcase classname="cia2.Q2" name="f" time="54.669"/>
  <system-out/>
</testsuite> <!-- cia2.Q2 -->
